<?xml version="1.0" encoding="UTF-8" ?>
<testsuite tests="11" failures="2" name="org.springframework.samples.petclinic.web.OwnerControllerTests" time="0.301" errors="0" skipped="0">
  <properties>
    <property name="java.runtime.name" value="Java(TM) SE Runtime Environment"/>
    <property name="sun.boot.library.path" value="C:\Program Files\Java\jdk1.8.0_191\jre\bin"/>
    <property name="java.vm.version" value="25.191-b12"/>
    <property name="java.vm.vendor" value="Oracle Corporation"/>
    <property name="maven.multiModuleProjectDirectory" value="C:\Users\admin\Downloads\myPetclinic-master\myPetclinic-master"/>
    <property name="java.vendor.url" value="http://java.oracle.com/"/>
    <property name="path.separator" value=";"/>
    <property name="guice.disable.misplaced.annotation.check" value="true"/>
    <property name="java.vm.name" value="Java HotSpot(TM) 64-Bit Server VM"/>
    <property name="file.encoding.pkg" value="sun.io"/>
    <property name="user.script" value=""/>
    <property name="user.country" value="US"/>
    <property name="sun.java.launcher" value="SUN_STANDARD"/>
    <property name="sun.os.patch.level" value=""/>
    <property name="java.vm.specification.name" value="Java Virtual Machine Specification"/>
    <property name="user.dir" value="C:\Users\admin\Downloads\myPetclinic-master\myPetclinic-master"/>
    <property name="java.runtime.version" value="1.8.0_191-b12"/>
    <property name="java.awt.graphicsenv" value="sun.awt.Win32GraphicsEnvironment"/>
    <property name="java.endorsed.dirs" value="C:\Program Files\Java\jdk1.8.0_191\jre\lib\endorsed"/>
    <property name="os.arch" value="amd64"/>
    <property name="java.io.tmpdir" value="C:\Users\admin\AppData\Local\Temp\"/>
    <property name="line.separator" value="
"/>
    <property name="java.vm.specification.vendor" value="Oracle Corporation"/>
    <property name="user.variant" value=""/>
    <property name="os.name" value="Windows 10"/>
    <property name="classworlds.conf" value="C:\Users\admin\eclipse-workspace\.metadata\.plugins\org.eclipse.m2e.launching\launches\m2conf2605530718359910035.tmp"/>
    <property name="sun.jnu.encoding" value="Cp1252"/>
    <property name="java.library.path" value="C:\Program Files\Java\jdk1.8.0_191\bin;C:\WINDOWS\Sun\Java\bin;C:\WINDOWS\system32;C:\WINDOWS;C:/Program Files/Java/jdk1.8.0_191/bin/../jre/bin/server;C:/Program Files/Java/jdk1.8.0_191/bin/../jre/bin;C:/Program Files/Java/jdk1.8.0_191/bin/../jre/lib/amd64;C:\Program Files\Java\jdk1.8.0_191\bin\;C:\Program Files\Java\jre1.8.0_191\bin\;C:\Program Files\apache-maven-3.6.0\bin\;C:\Program Files\apache-jmeter-5.0\bin\;C:\Windows\System32;C:\Windows;C:\Program Files\Java\jdk1.8.0_191\bin\;C:\Program Files\Java\jre1.8.0_191\bin\;C:\Program Files\apache-maven-3.6.0\bin\;C:\Program Files\apache-jmeter-5.0\bin\;C:\Windows\System32;C:\Windows;C:\Program Files\Java\jdk1.8.0_191\bin\;C:\Program Files\Java\jre1.8.0_191\bin\;C:\Program Files\apache-maven-3.6.0\bin\;C:\Program Files\apache-jmeter-5.0\bin\;C:\Windows\System32;C:\Windows;C:\WINDOWS\System32;%TEST_LINK%\;C:\Program Files\Git\cmd;C:\WINDOWS\System32\WindowsPowerShell\v1.0\;;C:\WINDOWS\system32;C:\WINDOWS;C:\WINDOWS\System32\Wbem;C:\WINDOWS\System32\OpenSSH\;C:\Program Files\Git\bin\;%POSTREGSQL%\bin\;C:\Bitnami\testlink-1.9.18-0\apps\testlink\htdocs\lib\api\xmlrpc\v1\xmlrpc.php\;C:\Program Files\Git\cmd;C:\WINDOWS\System32\WindowsPowerShell\v1.0\;;C:\WINDOWS\system32;C:\WINDOWS;C:\WINDOWS\System32\Wbem;C:\WINDOWS\System32\OpenSSH\;C:\Program Files\Git\bin\;C:\Program Files\PostgreSQL\10\bin\;C:\Bitnami\testlink-1.9.18-0\apps\testlink\htdocs\lib\api\xmlrpc\v1\xmlrpc.php\;C:\Program Files\Git\cmd;C:\WINDOWS\System32\WindowsPowerShell\v1.0\;;C:\WINDOWS\system32;C:\WINDOWS;C:\WINDOWS\System32\Wbem;C:\WINDOWS\System32\OpenSSH\;C:\Program Files\Git\bin\;C:\Program Files\PostgreSQL\10\bin\;C:\Ruby24-x64\bin;C:\Ruby23-x64\bin;C:\Ruby25\bin;C:\Program Files\Ruby25\bin;C:\Program Files\Java\jdk1.8.0_191\bin;C:\Program Files\heroku\bin;C:\Users\admin\AppData\Local\Microsoft\WindowsApps;C:\Users\admin\AppData\Local\atom\bin;D:\eclipse-java-oxygen-3a-win32-x86_64\eclipse;;."/>
    <property name="java.specification.name" value="Java Platform API Specification"/>
    <property name="java.class.version" value="52.0"/>
    <property name="sun.management.compiler" value="HotSpot 64-Bit Tiered Compilers"/>
    <property name="os.version" value="10.0"/>
    <property name="user.home" value="C:\Users\admin"/>
    <property name="user.timezone" value="Asia/Calcutta"/>
    <property name="java.awt.printerjob" value="sun.awt.windows.WPrinterJob"/>
    <property name="java.specification.version" value="1.8"/>
    <property name="file.encoding" value="Cp1252"/>
    <property name="user.name" value="admin"/>
    <property name="java.class.path" value="D:\eclipse-java-oxygen-3a-win32-x86_64\eclipse\plugins\org.eclipse.m2e.maven.runtime_1.8.3.20180227-2135\jars\plexus-classworlds-2.5.2.jar"/>
    <property name="java.vm.specification.version" value="1.8"/>
    <property name="sun.arch.data.model" value="64"/>
    <property name="java.home" value="C:\Program Files\Java\jdk1.8.0_191\jre"/>
    <property name="sun.java.command" value="org.codehaus.plexus.classworlds.launcher.Launcher -B"/>
    <property name="java.specification.vendor" value="Oracle Corporation"/>
    <property name="user.language" value="en"/>
    <property name="awt.toolkit" value="sun.awt.windows.WToolkit"/>
    <property name="java.vm.info" value="mixed mode"/>
    <property name="java.version" value="1.8.0_191"/>
    <property name="java.ext.dirs" value="C:\Program Files\Java\jdk1.8.0_191\jre\lib\ext;C:\WINDOWS\Sun\Java\lib\ext"/>
    <property name="sun.boot.class.path" value="C:\Program Files\Java\jdk1.8.0_191\jre\lib\resources.jar;C:\Program Files\Java\jdk1.8.0_191\jre\lib\rt.jar;C:\Program Files\Java\jdk1.8.0_191\jre\lib\sunrsasign.jar;C:\Program Files\Java\jdk1.8.0_191\jre\lib\jsse.jar;C:\Program Files\Java\jdk1.8.0_191\jre\lib\jce.jar;C:\Program Files\Java\jdk1.8.0_191\jre\lib\charsets.jar;C:\Program Files\Java\jdk1.8.0_191\jre\lib\jfr.jar;C:\Program Files\Java\jdk1.8.0_191\jre\classes"/>
    <property name="java.vendor" value="Oracle Corporation"/>
    <property name="maven.home" value="C:\Users\admin\Downloads\myPetclinic-master\myPetclinic-master\EMBEDDED"/>
    <property name="file.separator" value="\"/>
    <property name="java.vendor.url.bug" value="http://bugreport.sun.com/bugreport/"/>
    <property name="sun.cpu.endian" value="little"/>
    <property name="sun.io.unicode.encoding" value="UnicodeLittle"/>
    <property name="sun.desktop" value="windows"/>
    <property name="sun.cpu.isalist" value="amd64"/>
  </properties>
  <testcase classname="org.springframework.samples.petclinic.web.OwnerControllerTests" name="testProcessUpdateOwnerFormHasErrors" time="0.067"/>
  <testcase classname="org.springframework.samples.petclinic.web.OwnerControllerTests" name="testProcessCreationFormSuccess" time="0.027"/>
  <testcase classname="org.springframework.samples.petclinic.web.OwnerControllerTests" name="testInitFindForm" time="0.016"/>
  <testcase classname="org.springframework.samples.petclinic.web.OwnerControllerTests" name="testShowOwner" time="0.037"/>
  <testcase classname="org.springframework.samples.petclinic.web.OwnerControllerTests" name="testInitUpdateOwnerForm" time="0.015"/>
  <testcase classname="org.springframework.samples.petclinic.web.OwnerControllerTests" name="testInitCreationForm" time="0.016"/>
  <testcase classname="org.springframework.samples.petclinic.web.OwnerControllerTests" name="testProcessFindFormByLastName" time="0.013"/>
  <testcase classname="org.springframework.samples.petclinic.web.OwnerControllerTests" name="testProcessFindFormNoOwnersFound" time="0.017">
    <failure message="No errors for field &apos;lastName&apos; of attribute &apos;owner&apos;" type="java.lang.AssertionError">java.lang.AssertionError: No errors for field &apos;lastName&apos; of attribute &apos;owner&apos;
	at org.springframework.test.util.AssertionErrors.fail(AssertionErrors.java:35)
	at org.springframework.test.util.AssertionErrors.assertTrue(AssertionErrors.java:65)
	at org.springframework.test.web.servlet.result.ModelResultMatchers$8.match(ModelResultMatchers.java:163)
	at org.springframework.test.web.servlet.MockMvc$1.andExpect(MockMvc.java:171)
	at org.springframework.samples.petclinic.web.OwnerControllerTests.testProcessFindFormNoOwnersFound(OwnerControllerTests.java:128)
</failure>
    <system-out>INFO  StandaloneMockMvcBuilder$StaticRequestMappingHandlerMapping - Mapped &quot;{[/owners/{ownerId}/edit],methods=[GET]}&quot; onto public java.lang.String org.springframework.samples.petclinic.web.OwnerController.initUpdateOwnerForm(int,org.springframework.ui.Model)
INFO  StandaloneMockMvcBuilder$StaticRequestMappingHandlerMapping - Mapped &quot;{[/owners/{ownerId}/edit],methods=[POST]}&quot; onto public java.lang.String org.springframework.samples.petclinic.web.OwnerController.processUpdateOwnerForm(org.springframework.samples.petclinic.model.Owner,org.springframework.validation.BindingResult,int)
INFO  StandaloneMockMvcBuilder$StaticRequestMappingHandlerMapping - Mapped &quot;{[/owners/new],methods=[POST]}&quot; onto public java.lang.String org.springframework.samples.petclinic.web.OwnerController.processCreationForm(org.springframework.samples.petclinic.model.Owner,org.springframework.validation.BindingResult)
INFO  StandaloneMockMvcBuilder$StaticRequestMappingHandlerMapping - Mapped &quot;{[/owners/{ownerId}]}&quot; onto public org.springframework.web.servlet.ModelAndView org.springframework.samples.petclinic.web.OwnerController.showOwner(int)
INFO  StandaloneMockMvcBuilder$StaticRequestMappingHandlerMapping - Mapped &quot;{[/owners/find],methods=[GET]}&quot; onto public java.lang.String org.springframework.samples.petclinic.web.OwnerController.initFindForm(java.util.Map&lt;java.lang.String, java.lang.Object&gt;)
INFO  StandaloneMockMvcBuilder$StaticRequestMappingHandlerMapping - Mapped &quot;{[/owners],methods=[GET]}&quot; onto public java.lang.String org.springframework.samples.petclinic.web.OwnerController.processFindForm(org.springframework.samples.petclinic.model.Owner,org.springframework.validation.BindingResult,java.util.Map&lt;java.lang.String, java.lang.Object&gt;)
INFO  StandaloneMockMvcBuilder$StaticRequestMappingHandlerMapping - Mapped &quot;{[/owners/new],methods=[GET]}&quot; onto public java.lang.String org.springframework.samples.petclinic.web.OwnerController.initCreationForm(java.util.Map&lt;java.lang.String, java.lang.Object&gt;)
INFO  RequestMappingHandlerAdapter - Looking for @ControllerAdvice: org.springframework.test.web.servlet.setup.StubWebApplicationContext@1c05097c
INFO  MockServletContext - Initializing Spring FrameworkServlet &apos;&apos;
INFO  TestDispatcherServlet - FrameworkServlet &apos;&apos;: initialization started
INFO  TestDispatcherServlet - FrameworkServlet &apos;&apos;: initialization completed in 0 ms
</system-out>
  </testcase>
  <testcase classname="org.springframework.samples.petclinic.web.OwnerControllerTests" name="testProcessFindFormSuccess" time="0.015">
    <failure message="View name expected:&lt;owners/ownersList&gt; but was:&lt;owners/findOwners&gt;" type="java.lang.AssertionError">java.lang.AssertionError: View name expected:&lt;owners/ownersList&gt; but was:&lt;owners/findOwners&gt;
	at org.springframework.test.util.AssertionErrors.fail(AssertionErrors.java:54)
	at org.springframework.test.util.AssertionErrors.assertEquals(AssertionErrors.java:81)
	at org.springframework.test.web.servlet.result.ViewResultMatchers$2.match(ViewResultMatchers.java:70)
	at org.springframework.test.web.servlet.MockMvc$1.andExpect(MockMvc.java:171)
	at org.springframework.samples.petclinic.web.OwnerControllerTests.testProcessFindFormSuccess(OwnerControllerTests.java:108)
</failure>
    <system-out>INFO  StandaloneMockMvcBuilder$StaticRequestMappingHandlerMapping - Mapped &quot;{[/owners/{ownerId}/edit],methods=[GET]}&quot; onto public java.lang.String org.springframework.samples.petclinic.web.OwnerController.initUpdateOwnerForm(int,org.springframework.ui.Model)
INFO  StandaloneMockMvcBuilder$StaticRequestMappingHandlerMapping - Mapped &quot;{[/owners/{ownerId}/edit],methods=[POST]}&quot; onto public java.lang.String org.springframework.samples.petclinic.web.OwnerController.processUpdateOwnerForm(org.springframework.samples.petclinic.model.Owner,org.springframework.validation.BindingResult,int)
INFO  StandaloneMockMvcBuilder$StaticRequestMappingHandlerMapping - Mapped &quot;{[/owners/new],methods=[POST]}&quot; onto public java.lang.String org.springframework.samples.petclinic.web.OwnerController.processCreationForm(org.springframework.samples.petclinic.model.Owner,org.springframework.validation.BindingResult)
INFO  StandaloneMockMvcBuilder$StaticRequestMappingHandlerMapping - Mapped &quot;{[/owners/{ownerId}]}&quot; onto public org.springframework.web.servlet.ModelAndView org.springframework.samples.petclinic.web.OwnerController.showOwner(int)
INFO  StandaloneMockMvcBuilder$StaticRequestMappingHandlerMapping - Mapped &quot;{[/owners/find],methods=[GET]}&quot; onto public java.lang.String org.springframework.samples.petclinic.web.OwnerController.initFindForm(java.util.Map&lt;java.lang.String, java.lang.Object&gt;)
INFO  StandaloneMockMvcBuilder$StaticRequestMappingHandlerMapping - Mapped &quot;{[/owners],methods=[GET]}&quot; onto public java.lang.String org.springframework.samples.petclinic.web.OwnerController.processFindForm(org.springframework.samples.petclinic.model.Owner,org.springframework.validation.BindingResult,java.util.Map&lt;java.lang.String, java.lang.Object&gt;)
INFO  StandaloneMockMvcBuilder$StaticRequestMappingHandlerMapping - Mapped &quot;{[/owners/new],methods=[GET]}&quot; onto public java.lang.String org.springframework.samples.petclinic.web.OwnerController.initCreationForm(java.util.Map&lt;java.lang.String, java.lang.Object&gt;)
INFO  RequestMappingHandlerAdapter - Looking for @ControllerAdvice: org.springframework.test.web.servlet.setup.StubWebApplicationContext@6edd4fe2
INFO  MockServletContext - Initializing Spring FrameworkServlet &apos;&apos;
INFO  TestDispatcherServlet - FrameworkServlet &apos;&apos;: initialization started
INFO  TestDispatcherServlet - FrameworkServlet &apos;&apos;: initialization completed in 0 ms
</system-out>
  </testcase>
  <testcase classname="org.springframework.samples.petclinic.web.OwnerControllerTests" name="testProcessUpdateOwnerFormSuccess" time="0.056"/>
  <testcase classname="org.springframework.samples.petclinic.web.OwnerControllerTests" name="testProcessCreationFormHasErrors" time="0.022"/>
</testsuite>